2026-06-13 13:53:43 - Starting CategoriasApplication using Java 25.0.2 with PID 28915 (/Users/raicerk/Código/microservicios/categorias/target/classes started by raicerk in /Users/raicerk/Código/microservicios)
2026-06-13 13:53:43 - No active profile set, falling back to 1 default profile: "default"
2026-06-13 13:53:43 - Bootstrapping Spring Data JPA repositories in DEFAULT mode.
2026-06-13 13:53:43 - Finished Spring Data repository scanning in 11 ms. Found 1 JPA repository interface.
2026-06-13 13:53:43 - Tomcat initialized with port 8083 (http)
2026-06-13 13:53:43 - Starting service [Tomcat]
2026-06-13 13:53:43 - Starting Servlet engine: [Apache Tomcat/10.1.40]
2026-06-13 13:53:43 - Initializing Spring embedded WebApplicationContext
2026-06-13 13:53:43 - Root WebApplicationContext: initialization completed in 378 ms
2026-06-13 13:53:43 - HikariPool-1 - Starting...
2026-06-13 13:53:44 - HikariPool-1 - Starting...
2026-06-13 13:53:45 - HikariPool-1 - Starting...
2026-06-13 13:53:46 - Exception encountered during context initialization - cancelling refresh attempt: org.springframework.beans.factory.BeanCreationException: Error creating bean with name 'entityManagerFactory' defined in class path resource [org/springframework/boot/autoconfigure/orm/jpa/HibernateJpaConfiguration.class]: Failed to initialize dependency 'flywayInitializer' of LoadTimeWeaverAware bean 'entityManagerFactory': Error creating bean with name 'flywayInitializer' defined in class path resource [org/springframework/boot/autoconfigure/flyway/FlywayAutoConfiguration$FlywayConfiguration.class]: Unable to obtain connection from database: Unknown database 'db_categorias'
---------------------------------------------------------------------------
SQL State  : 42000
Error Code : 1049
Message    : Unknown database 'db_categorias'

2026-06-13 13:53:46 - Stopping service [Tomcat]
2026-06-13 13:53:46 - 

Error starting ApplicationContext. To display the condition evaluation report re-run your application with 'debug' enabled.
2026-06-13 13:53:46 - Application run failed
org.springframework.beans.factory.BeanCreationException: Error creating bean with name 'entityManagerFactory' defined in class path resource [org/springframework/boot/autoconfigure/orm/jpa/HibernateJpaConfiguration.class]: Failed to initialize dependency 'flywayInitializer' of LoadTimeWeaverAware bean 'entityManagerFactory': Error creating bean with name 'flywayInitializer' defined in class path resource [org/springframework/boot/autoconfigure/flyway/FlywayAutoConfiguration$FlywayConfiguration.class]: Unable to obtain connection from database: Unknown database 'db_categorias'
---------------------------------------------------------------------------
SQL State  : 42000
Error Code : 1049
Message    : Unknown database 'db_categorias'

	at org.springframework.beans.factory.support.AbstractBeanFactory.doGetBean(AbstractBeanFactory.java:328)
	at org.springframework.beans.factory.support.AbstractBeanFactory.getBean(AbstractBeanFactory.java:207)
	at org.springframework.context.support.AbstractApplicationContext.finishBeanFactoryInitialization(AbstractApplicationContext.java:970)
	at org.springframework.context.support.AbstractApplicationContext.refresh(AbstractApplicationContext.java:627)
	at org.springframework.boot.web.servlet.context.ServletWebServerApplicationContext.refresh(ServletWebServerApplicationContext.java:146)
	at org.springframework.boot.SpringApplication.refresh(SpringApplication.java:753)
	at org.springframework.boot.SpringApplication.refreshContext(SpringApplication.java:439)
	at org.springframework.boot.SpringApplication.run(SpringApplication.java:318)
	at org.springframework.boot.SpringApplication.run(SpringApplication.java:1362)
	at org.springframework.boot.SpringApplication.run(SpringApplication.java:1351)
	at com.duoc.categorias.CategoriasApplication.main(CategoriasApplication.java:10)
Caused by: org.springframework.beans.factory.BeanCreationException: Error creating bean with name 'flywayInitializer' defined in class path resource [org/springframework/boot/autoconfigure/flyway/FlywayAutoConfiguration$FlywayConfiguration.class]: Unable to obtain connection from database: Unknown database 'db_categorias'
---------------------------------------------------------------------------
SQL State  : 42000
Error Code : 1049
Message    : Unknown database 'db_categorias'

	at org.springframework.beans.factory.support.AbstractAutowireCapableBeanFactory.initializeBean(AbstractAutowireCapableBeanFactory.java:1818)
	at org.springframework.beans.factory.support.AbstractAutowireCapableBeanFactory.doCreateBean(AbstractAutowireCapableBeanFactory.java:607)
	at org.springframework.beans.factory.support.AbstractAutowireCapableBeanFactory.createBean(AbstractAutowireCapableBeanFactory.java:529)
	at org.springframework.beans.factory.support.AbstractBeanFactory.lambda$doGetBean$0(AbstractBeanFactory.java:339)
	at org.springframework.beans.factory.support.DefaultSingletonBeanRegistry.getSingleton(DefaultSingletonBeanRegistry.java:371)
	at org.springframework.beans.factory.support.AbstractBeanFactory.doGetBean(AbstractBeanFactory.java:337)
	at org.springframework.beans.factory.support.AbstractBeanFactory.getBean(AbstractBeanFactory.java:202)
	at org.springframework.beans.factory.support.AbstractBeanFactory.doGetBean(AbstractBeanFactory.java:315)
	... 10 common frames omitted
Caused by: org.flywaydb.core.internal.exception.FlywaySqlException: Unable to obtain connection from database: Unknown database 'db_categorias'
---------------------------------------------------------------------------
SQL State  : 42000
Error Code : 1049
Message    : Unknown database 'db_categorias'

	at org.flywaydb.core.internal.jdbc.JdbcUtils.openConnection(JdbcUtils.java:71)
	at org.flywaydb.core.internal.jdbc.JdbcConnectionFactory.<init>(JdbcConnectionFactory.java:76)
	at org.flywaydb.core.FlywayExecutor.execute(FlywayExecutor.java:138)
	at org.flywaydb.core.Flyway.migrate(Flyway.java:151)
	at org.springframework.boot.autoconfigure.flyway.FlywayMigrationInitializer.afterPropertiesSet(FlywayMigrationInitializer.java:66)
	at org.springframework.beans.factory.support.AbstractAutowireCapableBeanFactory.invokeInitMethods(AbstractAutowireCapableBeanFactory.java:1865)
	at org.springframework.beans.factory.support.AbstractAutowireCapableBeanFactory.initializeBean(AbstractAutowireCapableBeanFactory.java:1814)
	... 17 common frames omitted
Caused by: java.sql.SQLSyntaxErrorException: Unknown database 'db_categorias'
	at com.mysql.cj.jdbc.exceptions.SQLError.createSQLException(SQLError.java:112)
	at com.mysql.cj.jdbc.exceptions.SQLExceptionsMapping.translateException(SQLExceptionsMapping.java:114)
	at com.mysql.cj.jdbc.ConnectionImpl.createNewIO(ConnectionImpl.java:837)
	at com.mysql.cj.jdbc.ConnectionImpl.<init>(ConnectionImpl.java:420)
	at com.mysql.cj.jdbc.ConnectionImpl.getInstance(ConnectionImpl.java:238)
	at com.mysql.cj.jdbc.NonRegisteringDriver.connect(NonRegisteringDriver.java:180)
	at com.zaxxer.hikari.util.DriverDataSource.getConnection(DriverDataSource.java:137)
	at com.zaxxer.hikari.pool.PoolBase.newConnection(PoolBase.java:360)
	at com.zaxxer.hikari.pool.PoolBase.newPoolEntry(PoolBase.java:202)
	at com.zaxxer.hikari.pool.HikariPool.createPoolEntry(HikariPool.java:461)
	at com.zaxxer.hikari.pool.HikariPool.checkFailFast(HikariPool.java:550)
	at com.zaxxer.hikari.pool.HikariPool.<init>(HikariPool.java:98)
	at com.zaxxer.hikari.HikariDataSource.getConnection(HikariDataSource.java:111)
	at org.flywaydb.core.internal.jdbc.JdbcUtils.openConnection(JdbcUtils.java:59)
	... 23 common frames omitted
2026-06-13 13:54:11 - Starting CategoriasApplication using Java 25.0.2 with PID 28932 (/Users/raicerk/Código/microservicios/categorias/target/classes started by raicerk in /Users/raicerk/Código/microservicios)
2026-06-13 13:54:11 - No active profile set, falling back to 1 default profile: "default"
2026-06-13 13:54:11 - Bootstrapping Spring Data JPA repositories in DEFAULT mode.
2026-06-13 13:54:11 - Finished Spring Data repository scanning in 11 ms. Found 1 JPA repository interface.
2026-06-13 13:54:11 - Tomcat initialized with port 8083 (http)
2026-06-13 13:54:11 - Starting service [Tomcat]
2026-06-13 13:54:11 - Starting Servlet engine: [Apache Tomcat/10.1.40]
2026-06-13 13:54:11 - Initializing Spring embedded WebApplicationContext
2026-06-13 13:54:11 - Root WebApplicationContext: initialization completed in 388 ms
2026-06-13 13:54:11 - HikariPool-1 - Starting...
2026-06-13 13:54:11 - HikariPool-1 - Added connection com.mysql.cj.jdbc.ConnectionImpl@700b9e6b
2026-06-13 13:54:11 - HikariPool-1 - Start completed.
2026-06-13 13:54:11 - Database: jdbc:mysql://localhost:3306/db_categorias (MySQL 9.7)
2026-06-13 13:54:11 - Flyway upgrade recommended: MySQL 9.7 is newer than this version of Flyway and support has not been tested. The latest supported version of MySQL is 8.1.
2026-06-13 13:54:11 - Schema history table `db_categorias`.`flyway_schema_history` does not exist yet
2026-06-13 13:54:11 - Successfully validated 2 migrations (execution time 00:00.006s)
2026-06-13 13:54:11 - Creating Schema History table `db_categorias`.`flyway_schema_history` ...
2026-06-13 13:54:11 - Current version of schema `db_categorias`: << Empty Schema >>
2026-06-13 13:54:11 - Migrating schema `db_categorias` to version "1 - create categorias table"
2026-06-13 13:54:11 - Migrating schema `db_categorias` to version "2 - insert categorias data"
2026-06-13 13:54:12 - Successfully applied 2 migrations to schema `db_categorias`, now at version v2 (execution time 00:00.009s)
2026-06-13 13:54:12 - HHH000204: Processing PersistenceUnitInfo [name: default]
2026-06-13 13:54:12 - HHH000412: Hibernate ORM core version 6.6.13.Final
2026-06-13 13:54:12 - HHH000026: Second-level cache disabled
2026-06-13 13:54:12 - No LoadTimeWeaver setup: ignoring JPA class transformer
2026-06-13 13:54:12 - HHH90000025: MySQLDialect does not need to be specified explicitly using 'hibernate.dialect' (remove the property setting and it will be selected by default)
2026-06-13 13:54:12 - HHH10001005: Database info:
	Database JDBC URL [Connecting through datasource 'HikariDataSource (HikariPool-1)']
	Database driver: undefined/unknown
	Database version: 9.7
	Autocommit mode: undefined/unknown
	Isolation level: undefined/unknown
	Minimum pool size: undefined/unknown
	Maximum pool size: undefined/unknown
2026-06-13 13:54:12 - HHH000489: No JTA platform available (set 'hibernate.transaction.jta.platform' to enable JTA platform integration)
2026-06-13 13:54:12 - Initialized JPA EntityManagerFactory for persistence unit 'default'
2026-06-13 13:54:12 - spring.jpa.open-in-view is enabled by default. Therefore, database queries may be performed during view rendering. Explicitly configure spring.jpa.open-in-view to disable this warning
2026-06-13 13:54:12 - Tomcat started on port 8083 (http) with context path '/'
2026-06-13 13:54:12 - Started CategoriasApplication in 1.461 seconds (process running for 1.658)
2026-06-13 13:55:41 - Commencing graceful shutdown. Waiting for active requests to complete
2026-06-13 13:55:41 - Graceful shutdown complete
2026-06-13 13:55:41 - Closing JPA EntityManagerFactory for persistence unit 'default'
2026-06-13 13:55:41 - HikariPool-1 - Shutdown initiated...
2026-06-13 13:55:41 - HikariPool-1 - Shutdown completed.
2026-06-13 13:55:42 - Starting CategoriasApplication using Java 25.0.2 with PID 28989 (/Users/raicerk/Código/microservicios/categorias/target/classes started by raicerk in /Users/raicerk/Código/microservicios)
2026-06-13 13:55:42 - No active profile set, falling back to 1 default profile: "default"
2026-06-13 13:55:42 - Bootstrapping Spring Data JPA repositories in DEFAULT mode.
2026-06-13 13:55:42 - Finished Spring Data repository scanning in 11 ms. Found 1 JPA repository interface.
2026-06-13 13:55:42 - Tomcat initialized with port 8083 (http)
2026-06-13 13:55:42 - Starting service [Tomcat]
2026-06-13 13:55:42 - Starting Servlet engine: [Apache Tomcat/10.1.40]
2026-06-13 13:55:42 - Initializing Spring embedded WebApplicationContext
2026-06-13 13:55:42 - Root WebApplicationContext: initialization completed in 374 ms
2026-06-13 13:55:42 - HikariPool-1 - Starting...
2026-06-13 13:55:42 - HikariPool-1 - Added connection com.mysql.cj.jdbc.ConnectionImpl@4245bf68
2026-06-13 13:55:42 - HikariPool-1 - Start completed.
2026-06-13 13:55:42 - Database: jdbc:mysql://localhost:3306/db_categorias (MySQL 9.7)
2026-06-13 13:55:42 - Flyway upgrade recommended: MySQL 9.7 is newer than this version of Flyway and support has not been tested. The latest supported version of MySQL is 8.1.
2026-06-13 13:55:42 - Schema history table `db_categorias`.`flyway_schema_history` does not exist yet
2026-06-13 13:55:42 - Successfully validated 2 migrations (execution time 00:00.007s)
2026-06-13 13:55:42 - Creating Schema History table `db_categorias`.`flyway_schema_history` ...
2026-06-13 13:55:42 - Current version of schema `db_categorias`: << Empty Schema >>
2026-06-13 13:55:42 - Migrating schema `db_categorias` to version "1 - create categorias table"
2026-06-13 13:55:42 - Migrating schema `db_categorias` to version "2 - insert categorias data"
2026-06-13 13:55:42 - Successfully applied 2 migrations to schema `db_categorias`, now at version v2 (execution time 00:00.010s)
2026-06-13 13:55:42 - HHH000204: Processing PersistenceUnitInfo [name: default]
2026-06-13 13:55:42 - HHH000412: Hibernate ORM core version 6.6.13.Final
2026-06-13 13:55:43 - HHH000026: Second-level cache disabled
2026-06-13 13:55:43 - No LoadTimeWeaver setup: ignoring JPA class transformer
2026-06-13 13:55:43 - HHH90000025: MySQLDialect does not need to be specified explicitly using 'hibernate.dialect' (remove the property setting and it will be selected by default)
2026-06-13 13:55:43 - HHH10001005: Database info:
	Database JDBC URL [Connecting through datasource 'HikariDataSource (HikariPool-1)']
	Database driver: undefined/unknown
	Database version: 9.7
	Autocommit mode: undefined/unknown
	Isolation level: undefined/unknown
	Minimum pool size: undefined/unknown
	Maximum pool size: undefined/unknown
2026-06-13 13:55:43 - HHH000489: No JTA platform available (set 'hibernate.transaction.jta.platform' to enable JTA platform integration)
2026-06-13 13:55:43 - Initialized JPA EntityManagerFactory for persistence unit 'default'
2026-06-13 13:55:43 - spring.jpa.open-in-view is enabled by default. Therefore, database queries may be performed during view rendering. Explicitly configure spring.jpa.open-in-view to disable this warning
2026-06-13 13:55:43 - Tomcat started on port 8083 (http) with context path '/'
2026-06-13 13:55:43 - Started CategoriasApplication in 1.34 seconds (process running for 1.527)
2026-06-13 13:55:54 - Initializing Spring DispatcherServlet 'dispatcherServlet'
2026-06-13 13:55:54 - Initializing Servlet 'dispatcherServlet'
2026-06-13 13:55:54 - Completed initialization in 1 ms
2026-06-13 13:55:55 - Init duration for springdoc-openapi is: 73 ms
2026-06-13 13:56:18 - Commencing graceful shutdown. Waiting for active requests to complete
2026-06-13 13:56:18 - Graceful shutdown complete
2026-06-13 13:56:18 - Closing JPA EntityManagerFactory for persistence unit 'default'
2026-06-13 13:56:18 - HikariPool-1 - Shutdown initiated...
2026-06-13 13:56:18 - HikariPool-1 - Shutdown completed.
