2026-06-13 13:34:06 - Starting ClientesApplication using Java 25.0.2 with PID 25667 (/Users/raicerk/Código/microservicios/clientes/target/classes started by raicerk in /Users/raicerk/Código/microservicios)
2026-06-13 13:34:06 - No active profile set, falling back to 1 default profile: "default"
2026-06-13 13:34:06 - Bootstrapping Spring Data JPA repositories in DEFAULT mode.
2026-06-13 13:34:06 - Finished Spring Data repository scanning in 11 ms. Found 1 JPA repository interface.
2026-06-13 13:34:07 - Tomcat initialized with port 8081 (http)
2026-06-13 13:34:07 - Starting service [Tomcat]
2026-06-13 13:34:07 - Starting Servlet engine: [Apache Tomcat/10.1.40]
2026-06-13 13:34:07 - Initializing Spring embedded WebApplicationContext
2026-06-13 13:34:07 - Root WebApplicationContext: initialization completed in 395 ms
2026-06-13 13:34:07 - HikariPool-1 - Starting...
2026-06-13 13:34:07 - HikariPool-1 - Added connection com.mysql.cj.jdbc.ConnectionImpl@7eaa2bc6
2026-06-13 13:34:07 - HikariPool-1 - Start completed.
2026-06-13 13:34:07 - Database: jdbc:mysql://localhost:3306/db_clientes (MySQL 9.7)
2026-06-13 13:34:07 - Flyway upgrade recommended: MySQL 9.7 is newer than this version of Flyway and support has not been tested. The latest supported version of MySQL is 8.1.
2026-06-13 13:34:07 - Schema history table `db_clientes`.`flyway_schema_history` does not exist yet
2026-06-13 13:34:07 - Successfully validated 2 migrations (execution time 00:00.006s)
2026-06-13 13:34:07 - Creating Schema History table `db_clientes`.`flyway_schema_history` with baseline ...
2026-06-13 13:34:07 - Successfully baselined schema with version: 1
2026-06-13 13:34:07 - Current version of schema `db_clientes`: 1
2026-06-13 13:34:07 - Migrating schema `db_clientes` to version "2 - insert clientes data"
2026-06-13 13:34:07 - Migration of schema `db_clientes` to version "2 - insert clientes data" failed! Please restore backups and roll back database and code!
2026-06-13 13:34:07 - Exception encountered during context initialization - cancelling refresh attempt: org.springframework.beans.factory.BeanCreationException: Error creating bean with name 'entityManagerFactory' defined in class path resource [org/springframework/boot/autoconfigure/orm/jpa/HibernateJpaConfiguration.class]: Failed to initialize dependency 'flywayInitializer' of LoadTimeWeaverAware bean 'entityManagerFactory': Error creating bean with name 'flywayInitializer' defined in class path resource [org/springframework/boot/autoconfigure/flyway/FlywayAutoConfiguration$FlywayConfiguration.class]: Migration V2__insert_clientes_data.sql failed
---------------------------------------------
SQL State  : 42S22
Error Code : 1054
Message    : Unknown column 'email' in 'field list'
Location   : db/migration/V2__insert_clientes_data.sql (/Users/raicerk/Código/microservicios/clientes/target/classes/db/migration/V2__insert_clientes_data.sql)
Line       : 1
Statement  : INSERT INTO clientes (nombre, email) VALUES ('Juan Pérez', 'juan.perez@example.com')

2026-06-13 13:34:07 - HikariPool-1 - Shutdown initiated...
2026-06-13 13:34:07 - HikariPool-1 - Shutdown completed.
2026-06-13 13:34:07 - Stopping service [Tomcat]
2026-06-13 13:34:07 - 

Error starting ApplicationContext. To display the condition evaluation report re-run your application with 'debug' enabled.
2026-06-13 13:34:07 - Application run failed
org.springframework.beans.factory.BeanCreationException: Error creating bean with name 'entityManagerFactory' defined in class path resource [org/springframework/boot/autoconfigure/orm/jpa/HibernateJpaConfiguration.class]: Failed to initialize dependency 'flywayInitializer' of LoadTimeWeaverAware bean 'entityManagerFactory': Error creating bean with name 'flywayInitializer' defined in class path resource [org/springframework/boot/autoconfigure/flyway/FlywayAutoConfiguration$FlywayConfiguration.class]: Migration V2__insert_clientes_data.sql failed
---------------------------------------------
SQL State  : 42S22
Error Code : 1054
Message    : Unknown column 'email' in 'field list'
Location   : db/migration/V2__insert_clientes_data.sql (/Users/raicerk/Código/microservicios/clientes/target/classes/db/migration/V2__insert_clientes_data.sql)
Line       : 1
Statement  : INSERT INTO clientes (nombre, email) VALUES ('Juan Pérez', 'juan.perez@example.com')

	at org.springframework.beans.factory.support.AbstractBeanFactory.doGetBean(AbstractBeanFactory.java:328)
	at org.springframework.beans.factory.support.AbstractBeanFactory.getBean(AbstractBeanFactory.java:207)
	at org.springframework.context.support.AbstractApplicationContext.finishBeanFactoryInitialization(AbstractApplicationContext.java:970)
	at org.springframework.context.support.AbstractApplicationContext.refresh(AbstractApplicationContext.java:627)
	at org.springframework.boot.web.servlet.context.ServletWebServerApplicationContext.refresh(ServletWebServerApplicationContext.java:146)
	at org.springframework.boot.SpringApplication.refresh(SpringApplication.java:753)
	at org.springframework.boot.SpringApplication.refreshContext(SpringApplication.java:439)
	at org.springframework.boot.SpringApplication.run(SpringApplication.java:318)
	at org.springframework.boot.SpringApplication.run(SpringApplication.java:1362)
	at org.springframework.boot.SpringApplication.run(SpringApplication.java:1351)
	at com.example.clientes.ClientesApplication.main(ClientesApplication.java:10)
Caused by: org.springframework.beans.factory.BeanCreationException: Error creating bean with name 'flywayInitializer' defined in class path resource [org/springframework/boot/autoconfigure/flyway/FlywayAutoConfiguration$FlywayConfiguration.class]: Migration V2__insert_clientes_data.sql failed
---------------------------------------------
SQL State  : 42S22
Error Code : 1054
Message    : Unknown column 'email' in 'field list'
Location   : db/migration/V2__insert_clientes_data.sql (/Users/raicerk/Código/microservicios/clientes/target/classes/db/migration/V2__insert_clientes_data.sql)
Line       : 1
Statement  : INSERT INTO clientes (nombre, email) VALUES ('Juan Pérez', 'juan.perez@example.com')

	at org.springframework.beans.factory.support.AbstractAutowireCapableBeanFactory.initializeBean(AbstractAutowireCapableBeanFactory.java:1818)
	at org.springframework.beans.factory.support.AbstractAutowireCapableBeanFactory.doCreateBean(AbstractAutowireCapableBeanFactory.java:607)
	at org.springframework.beans.factory.support.AbstractAutowireCapableBeanFactory.createBean(AbstractAutowireCapableBeanFactory.java:529)
	at org.springframework.beans.factory.support.AbstractBeanFactory.lambda$doGetBean$0(AbstractBeanFactory.java:339)
	at org.springframework.beans.factory.support.DefaultSingletonBeanRegistry.getSingleton(DefaultSingletonBeanRegistry.java:371)
	at org.springframework.beans.factory.support.AbstractBeanFactory.doGetBean(AbstractBeanFactory.java:337)
	at org.springframework.beans.factory.support.AbstractBeanFactory.getBean(AbstractBeanFactory.java:202)
	at org.springframework.beans.factory.support.AbstractBeanFactory.doGetBean(AbstractBeanFactory.java:315)
	... 10 common frames omitted
Caused by: org.flywaydb.core.internal.command.DbMigrate$FlywayMigrateException: Migration V2__insert_clientes_data.sql failed
---------------------------------------------
SQL State  : 42S22
Error Code : 1054
Message    : Unknown column 'email' in 'field list'
Location   : db/migration/V2__insert_clientes_data.sql (/Users/raicerk/Código/microservicios/clientes/target/classes/db/migration/V2__insert_clientes_data.sql)
Line       : 1
Statement  : INSERT INTO clientes (nombre, email) VALUES ('Juan Pérez', 'juan.perez@example.com')

	at org.flywaydb.core.internal.command.DbMigrate.doMigrateGroup(DbMigrate.java:387)
	at org.flywaydb.core.internal.command.DbMigrate.lambda$applyMigrations$1(DbMigrate.java:277)
	at org.flywaydb.core.internal.jdbc.TransactionalExecutionTemplate.execute(TransactionalExecutionTemplate.java:59)
	at org.flywaydb.core.internal.command.DbMigrate.applyMigrations(DbMigrate.java:276)
	at org.flywaydb.core.internal.command.DbMigrate.migrateGroup(DbMigrate.java:249)
	at org.flywaydb.core.internal.command.DbMigrate.lambda$migrateAll$0(DbMigrate.java:144)
	at org.flywaydb.database.mysql.MySQLNamedLockTemplate.execute(MySQLNamedLockTemplate.java:62)
	at org.flywaydb.database.mysql.MySQLConnection.lock(MySQLConnection.java:154)
	at org.flywaydb.core.internal.schemahistory.JdbcTableSchemaHistory.lock(JdbcTableSchemaHistory.java:149)
	at org.flywaydb.core.internal.command.DbMigrate.migrateAll(DbMigrate.java:144)
	at org.flywaydb.core.internal.command.DbMigrate.migrate(DbMigrate.java:102)
	at org.flywaydb.core.Flyway.lambda$migrate$0(Flyway.java:206)
	at org.flywaydb.core.FlywayExecutor.execute(FlywayExecutor.java:209)
	at org.flywaydb.core.Flyway.migrate(Flyway.java:151)
	at org.springframework.boot.autoconfigure.flyway.FlywayMigrationInitializer.afterPropertiesSet(FlywayMigrationInitializer.java:66)
	at org.springframework.beans.factory.support.AbstractAutowireCapableBeanFactory.invokeInitMethods(AbstractAutowireCapableBeanFactory.java:1865)
	at org.springframework.beans.factory.support.AbstractAutowireCapableBeanFactory.initializeBean(AbstractAutowireCapableBeanFactory.java:1814)
	... 17 common frames omitted
Caused by: org.flywaydb.core.internal.sqlscript.FlywaySqlScriptException: Migration V2__insert_clientes_data.sql failed
---------------------------------------------
SQL State  : 42S22
Error Code : 1054
Message    : Unknown column 'email' in 'field list'
Location   : db/migration/V2__insert_clientes_data.sql (/Users/raicerk/Código/microservicios/clientes/target/classes/db/migration/V2__insert_clientes_data.sql)
Line       : 1
Statement  : INSERT INTO clientes (nombre, email) VALUES ('Juan Pérez', 'juan.perez@example.com')

	at org.flywaydb.core.internal.sqlscript.DefaultSqlScriptExecutor.handleException(DefaultSqlScriptExecutor.java:256)
	at org.flywaydb.core.internal.sqlscript.DefaultSqlScriptExecutor.executeStatement(DefaultSqlScriptExecutor.java:218)
	at org.flywaydb.core.internal.sqlscript.DefaultSqlScriptExecutor.execute(DefaultSqlScriptExecutor.java:137)
	at org.flywaydb.core.internal.resolver.sql.SqlMigrationExecutor.executeOnce(SqlMigrationExecutor.java:69)
	at org.flywaydb.core.internal.resolver.sql.SqlMigrationExecutor.lambda$execute$0(SqlMigrationExecutor.java:61)
	at org.flywaydb.core.internal.database.DefaultExecutionStrategy.execute(DefaultExecutionStrategy.java:31)
	at org.flywaydb.core.internal.resolver.sql.SqlMigrationExecutor.execute(SqlMigrationExecutor.java:60)
	at org.flywaydb.core.internal.command.DbMigrate.doMigrateGroup(DbMigrate.java:379)
	... 33 common frames omitted
Caused by: java.sql.SQLSyntaxErrorException: Unknown column 'email' in 'field list'
	at com.mysql.cj.jdbc.exceptions.SQLError.createSQLException(SQLError.java:112)
	at com.mysql.cj.jdbc.exceptions.SQLExceptionsMapping.translateException(SQLExceptionsMapping.java:114)
	at com.mysql.cj.jdbc.StatementImpl.executeInternal(StatementImpl.java:837)
	at com.mysql.cj.jdbc.StatementImpl.execute(StatementImpl.java:685)
	at com.zaxxer.hikari.pool.ProxyStatement.execute(ProxyStatement.java:94)
	at com.zaxxer.hikari.pool.HikariProxyStatement.execute(HikariProxyStatement.java)
	at org.flywaydb.core.internal.jdbc.JdbcTemplate.executeStatement(JdbcTemplate.java:210)
	at org.flywaydb.core.internal.sqlscript.ParsedSqlStatement.execute(ParsedSqlStatement.java:93)
	at org.flywaydb.core.internal.sqlscript.DefaultSqlScriptExecutor.executeStatement(DefaultSqlScriptExecutor.java:210)
	... 39 common frames omitted
2026-06-13 13:35:37 - Starting ClientesApplication using Java 25.0.2 with PID 25718 (/Users/raicerk/Código/microservicios/clientes/target/classes started by raicerk in /Users/raicerk/Código/microservicios)
2026-06-13 13:35:37 - No active profile set, falling back to 1 default profile: "default"
2026-06-13 13:35:37 - Bootstrapping Spring Data JPA repositories in DEFAULT mode.
2026-06-13 13:35:37 - Finished Spring Data repository scanning in 11 ms. Found 1 JPA repository interface.
2026-06-13 13:35:37 - Tomcat initialized with port 8081 (http)
2026-06-13 13:35:37 - Starting service [Tomcat]
2026-06-13 13:35:37 - Starting Servlet engine: [Apache Tomcat/10.1.40]
2026-06-13 13:35:37 - Initializing Spring embedded WebApplicationContext
2026-06-13 13:35:37 - Root WebApplicationContext: initialization completed in 381 ms
2026-06-13 13:35:37 - HikariPool-1 - Starting...
2026-06-13 13:35:37 - HikariPool-1 - Added connection com.mysql.cj.jdbc.ConnectionImpl@10ed037a
2026-06-13 13:35:37 - HikariPool-1 - Start completed.
2026-06-13 13:35:37 - Database: jdbc:mysql://localhost:3306/db_clientes (MySQL 9.7)
2026-06-13 13:35:37 - Flyway upgrade recommended: MySQL 9.7 is newer than this version of Flyway and support has not been tested. The latest supported version of MySQL is 8.1.
2026-06-13 13:35:37 - Schema history table `db_clientes`.`flyway_schema_history` does not exist yet
2026-06-13 13:35:37 - Successfully validated 2 migrations (execution time 00:00.006s)
2026-06-13 13:35:37 - Creating Schema History table `db_clientes`.`flyway_schema_history` ...
2026-06-13 13:35:37 - Current version of schema `db_clientes`: << Empty Schema >>
2026-06-13 13:35:37 - Migrating schema `db_clientes` to version "1 - create clientes table"
2026-06-13 13:35:37 - Migrating schema `db_clientes` to version "2 - insert clientes data"
2026-06-13 13:35:37 - Successfully applied 2 migrations to schema `db_clientes`, now at version v2 (execution time 00:00.009s)
2026-06-13 13:35:37 - HHH000204: Processing PersistenceUnitInfo [name: default]
2026-06-13 13:35:37 - HHH000412: Hibernate ORM core version 6.6.13.Final
2026-06-13 13:35:37 - HHH000026: Second-level cache disabled
2026-06-13 13:35:38 - No LoadTimeWeaver setup: ignoring JPA class transformer
2026-06-13 13:35:38 - HHH90000025: MySQLDialect does not need to be specified explicitly using 'hibernate.dialect' (remove the property setting and it will be selected by default)
2026-06-13 13:35:38 - HHH10001005: Database info:
	Database JDBC URL [Connecting through datasource 'HikariDataSource (HikariPool-1)']
	Database driver: undefined/unknown
	Database version: 9.7
	Autocommit mode: undefined/unknown
	Isolation level: undefined/unknown
	Minimum pool size: undefined/unknown
	Maximum pool size: undefined/unknown
2026-06-13 13:35:38 - HHH000489: No JTA platform available (set 'hibernate.transaction.jta.platform' to enable JTA platform integration)
2026-06-13 13:35:38 - Initialized JPA EntityManagerFactory for persistence unit 'default'
2026-06-13 13:35:38 - spring.jpa.open-in-view is enabled by default. Therefore, database queries may be performed during view rendering. Explicitly configure spring.jpa.open-in-view to disable this warning
2026-06-13 13:35:38 - Tomcat started on port 8081 (http) with context path '/'
2026-06-13 13:35:38 - Started ClientesApplication in 1.408 seconds (process running for 1.608)
2026-06-13 13:36:19 - Initializing Spring DispatcherServlet 'dispatcherServlet'
2026-06-13 13:36:19 - Initializing Servlet 'dispatcherServlet'
2026-06-13 13:36:19 - Completed initialization in 2 ms
2026-06-13 13:36:19 - Servlet.service() for servlet [dispatcherServlet] in context with path [] threw exception [Handler dispatch failed: java.lang.NoSuchMethodError: 'void org.springframework.web.method.ControllerAdviceBean.<init>(java.lang.Object)'] with root cause
java.lang.NoSuchMethodError: 'void org.springframework.web.method.ControllerAdviceBean.<init>(java.lang.Object)'
	at org.springdoc.core.service.GenericResponseService.lambda$getGenericMapResponse$8(GenericResponseService.java:706)
	at java.base/java.util.stream.ReferencePipeline$2$1.accept(ReferencePipeline.java:196)
	at java.base/java.util.Spliterators$ArraySpliterator.forEachRemaining(Spliterators.java:1024)
	at java.base/java.util.stream.AbstractPipeline.copyInto(AbstractPipeline.java:570)
	at java.base/java.util.stream.AbstractPipeline.wrapAndCopyInto(AbstractPipeline.java:560)
	at java.base/java.util.stream.AbstractPipeline.evaluate(AbstractPipeline.java:635)
	at java.base/java.util.stream.AbstractPipeline.evaluateToArrayNode(AbstractPipeline.java:291)
	at java.base/java.util.stream.ReferencePipeline.toArray(ReferencePipeline.java:652)
	at java.base/java.util.stream.ReferencePipeline.toArray(ReferencePipeline.java:658)
	at java.base/java.util.stream.ReferencePipeline.toList(ReferencePipeline.java:663)
	at org.springdoc.core.service.GenericResponseService.getGenericMapResponse(GenericResponseService.java:708)
	at org.springdoc.core.service.GenericResponseService.build(GenericResponseService.java:247)
	at org.springdoc.api.AbstractOpenApiResource.calculatePath(AbstractOpenApiResource.java:499)
	at org.springdoc.api.AbstractOpenApiResource.calculatePath(AbstractOpenApiResource.java:676)
	at org.springdoc.webmvc.api.OpenApiResource.lambda$calculatePath$11(OpenApiResource.java:220)
	at java.base/java.util.Optional.ifPresent(Optional.java:178)
	at org.springdoc.webmvc.api.OpenApiResource.calculatePath(OpenApiResource.java:201)
	at org.springdoc.webmvc.api.OpenApiResource.lambda$getPaths$2(OpenApiResource.java:171)
	at java.base/java.util.Optional.ifPresent(Optional.java:178)
	at org.springdoc.webmvc.api.OpenApiResource.getPaths(OpenApiResource.java:150)
	at org.springdoc.api.AbstractOpenApiResource.getOpenApi(AbstractOpenApiResource.java:353)
	at org.springdoc.webmvc.api.OpenApiResource.openapiJson(OpenApiResource.java:125)
	at org.springdoc.webmvc.api.OpenApiWebMvcResource.openapiJson(OpenApiWebMvcResource.java:114)
	at java.base/jdk.internal.reflect.DirectMethodHandleAccessor.invoke(DirectMethodHandleAccessor.java:104)
	at java.base/java.lang.reflect.Method.invoke(Method.java:565)
	at org.springframework.web.method.support.InvocableHandlerMethod.doInvoke(InvocableHandlerMethod.java:258)
	at org.springframework.web.method.support.InvocableHandlerMethod.invokeForRequest(InvocableHandlerMethod.java:191)
	at org.springframework.web.servlet.mvc.method.annotation.ServletInvocableHandlerMethod.invokeAndHandle(ServletInvocableHandlerMethod.java:118)
	at org.springframework.web.servlet.mvc.method.annotation.RequestMappingHandlerAdapter.invokeHandlerMethod(RequestMappingHandlerAdapter.java:986)
	at org.springframework.web.servlet.mvc.method.annotation.RequestMappingHandlerAdapter.handleInternal(RequestMappingHandlerAdapter.java:891)
	at org.springframework.web.servlet.mvc.method.AbstractHandlerMethodAdapter.handle(AbstractHandlerMethodAdapter.java:87)
	at org.springframework.web.servlet.DispatcherServlet.doDispatch(DispatcherServlet.java:1089)
	at org.springframework.web.servlet.DispatcherServlet.doService(DispatcherServlet.java:979)
	at org.springframework.web.servlet.FrameworkServlet.processRequest(FrameworkServlet.java:1014)
	at org.springframework.web.servlet.FrameworkServlet.doGet(FrameworkServlet.java:903)
	at jakarta.servlet.http.HttpServlet.service(HttpServlet.java:564)
	at org.springframework.web.servlet.FrameworkServlet.service(FrameworkServlet.java:885)
	at jakarta.servlet.http.HttpServlet.service(HttpServlet.java:658)
	at org.apache.catalina.core.ApplicationFilterChain.internalDoFilter(ApplicationFilterChain.java:195)
	at org.apache.catalina.core.ApplicationFilterChain.doFilter(ApplicationFilterChain.java:140)
	at org.apache.tomcat.websocket.server.WsFilter.doFilter(WsFilter.java:51)
	at org.apache.catalina.core.ApplicationFilterChain.internalDoFilter(ApplicationFilterChain.java:164)
	at org.apache.catalina.core.ApplicationFilterChain.doFilter(ApplicationFilterChain.java:140)
	at org.springframework.web.filter.RequestContextFilter.doFilterInternal(RequestContextFilter.java:100)
	at org.springframework.web.filter.OncePerRequestFilter.doFilter(OncePerRequestFilter.java:116)
	at org.apache.catalina.core.ApplicationFilterChain.internalDoFilter(ApplicationFilterChain.java:164)
	at org.apache.catalina.core.ApplicationFilterChain.doFilter(ApplicationFilterChain.java:140)
	at org.springframework.web.filter.FormContentFilter.doFilterInternal(FormContentFilter.java:93)
	at org.springframework.web.filter.OncePerRequestFilter.doFilter(OncePerRequestFilter.java:116)
	at org.apache.catalina.core.ApplicationFilterChain.internalDoFilter(ApplicationFilterChain.java:164)
	at org.apache.catalina.core.ApplicationFilterChain.doFilter(ApplicationFilterChain.java:140)
	at org.springframework.web.filter.CharacterEncodingFilter.doFilterInternal(CharacterEncodingFilter.java:201)
	at org.springframework.web.filter.OncePerRequestFilter.doFilter(OncePerRequestFilter.java:116)
	at org.apache.catalina.core.ApplicationFilterChain.internalDoFilter(ApplicationFilterChain.java:164)
	at org.apache.catalina.core.ApplicationFilterChain.doFilter(ApplicationFilterChain.java:140)
	at org.apache.catalina.core.StandardWrapperValve.invoke(StandardWrapperValve.java:167)
	at org.apache.catalina.core.StandardContextValve.invoke(StandardContextValve.java:90)
	at org.apache.catalina.authenticator.AuthenticatorBase.invoke(AuthenticatorBase.java:483)
	at org.apache.catalina.core.StandardHostValve.invoke(StandardHostValve.java:116)
	at org.apache.catalina.valves.ErrorReportValve.invoke(ErrorReportValve.java:93)
	at org.apache.catalina.core.StandardEngineValve.invoke(StandardEngineValve.java:74)
	at org.apache.catalina.connector.CoyoteAdapter.service(CoyoteAdapter.java:344)
	at org.apache.coyote.http11.Http11Processor.service(Http11Processor.java:398)
	at org.apache.coyote.AbstractProcessorLight.process(AbstractProcessorLight.java:63)
	at org.apache.coyote.AbstractProtocol$ConnectionHandler.process(AbstractProtocol.java:903)
	at org.apache.tomcat.util.net.NioEndpoint$SocketProcessor.doRun(NioEndpoint.java:1740)
	at org.apache.tomcat.util.net.SocketProcessorBase.run(SocketProcessorBase.java:52)
	at org.apache.tomcat.util.threads.ThreadPoolExecutor.runWorker(ThreadPoolExecutor.java:1189)
	at org.apache.tomcat.util.threads.ThreadPoolExecutor$Worker.run(ThreadPoolExecutor.java:658)
	at org.apache.tomcat.util.threads.TaskThread$WrappingRunnable.run(TaskThread.java:63)
	at java.base/java.lang.Thread.run(Thread.java:1474)
2026-06-13 13:38:39 - Commencing graceful shutdown. Waiting for active requests to complete
2026-06-13 13:38:39 - Graceful shutdown complete
2026-06-13 13:38:39 - Closing JPA EntityManagerFactory for persistence unit 'default'
2026-06-13 13:38:39 - HikariPool-1 - Shutdown initiated...
2026-06-13 13:38:39 - HikariPool-1 - Shutdown completed.
2026-06-13 13:38:41 - Starting ClientesApplication using Java 25.0.2 with PID 25975 (/Users/raicerk/Código/microservicios/clientes/target/classes started by raicerk in /Users/raicerk/Código/microservicios)
2026-06-13 13:38:41 - No active profile set, falling back to 1 default profile: "default"
2026-06-13 13:38:41 - Bootstrapping Spring Data JPA repositories in DEFAULT mode.
2026-06-13 13:38:41 - Finished Spring Data repository scanning in 11 ms. Found 1 JPA repository interface.
2026-06-13 13:38:41 - Tomcat initialized with port 8081 (http)
2026-06-13 13:38:41 - Starting service [Tomcat]
2026-06-13 13:38:41 - Starting Servlet engine: [Apache Tomcat/10.1.40]
2026-06-13 13:38:41 - Initializing Spring embedded WebApplicationContext
2026-06-13 13:38:41 - Root WebApplicationContext: initialization completed in 379 ms
2026-06-13 13:38:42 - HikariPool-1 - Starting...
2026-06-13 13:38:42 - HikariPool-1 - Added connection com.mysql.cj.jdbc.ConnectionImpl@49754e74
2026-06-13 13:38:42 - HikariPool-1 - Start completed.
2026-06-13 13:38:42 - Database: jdbc:mysql://localhost:3306/db_clientes (MySQL 9.7)
2026-06-13 13:38:42 - Flyway upgrade recommended: MySQL 9.7 is newer than this version of Flyway and support has not been tested. The latest supported version of MySQL is 8.1.
2026-06-13 13:38:42 - Successfully validated 2 migrations (execution time 00:00.009s)
2026-06-13 13:38:42 - Current version of schema `db_clientes`: 2
2026-06-13 13:38:42 - Schema `db_clientes` is up to date. No migration necessary.
2026-06-13 13:38:42 - HHH000204: Processing PersistenceUnitInfo [name: default]
2026-06-13 13:38:42 - HHH000412: Hibernate ORM core version 6.6.13.Final
2026-06-13 13:38:42 - HHH000026: Second-level cache disabled
2026-06-13 13:38:42 - No LoadTimeWeaver setup: ignoring JPA class transformer
2026-06-13 13:38:42 - HHH90000025: MySQLDialect does not need to be specified explicitly using 'hibernate.dialect' (remove the property setting and it will be selected by default)
2026-06-13 13:38:42 - HHH10001005: Database info:
	Database JDBC URL [Connecting through datasource 'HikariDataSource (HikariPool-1)']
	Database driver: undefined/unknown
	Database version: 9.7
	Autocommit mode: undefined/unknown
	Isolation level: undefined/unknown
	Minimum pool size: undefined/unknown
	Maximum pool size: undefined/unknown
2026-06-13 13:38:42 - HHH000489: No JTA platform available (set 'hibernate.transaction.jta.platform' to enable JTA platform integration)
2026-06-13 13:38:42 - Initialized JPA EntityManagerFactory for persistence unit 'default'
2026-06-13 13:38:42 - spring.jpa.open-in-view is enabled by default. Therefore, database queries may be performed during view rendering. Explicitly configure spring.jpa.open-in-view to disable this warning
2026-06-13 13:38:42 - Tomcat started on port 8081 (http) with context path '/'
2026-06-13 13:38:42 - Started ClientesApplication in 1.371 seconds (process running for 1.552)
2026-06-13 13:39:05 - Initializing Spring DispatcherServlet 'dispatcherServlet'
2026-06-13 13:39:05 - Initializing Servlet 'dispatcherServlet'
2026-06-13 13:39:05 - Completed initialization in 1 ms
2026-06-13 13:39:05 - Init duration for springdoc-openapi is: 76 ms
2026-06-13 13:39:26 - Commencing graceful shutdown. Waiting for active requests to complete
2026-06-13 13:39:26 - Graceful shutdown complete
2026-06-13 13:39:26 - Closing JPA EntityManagerFactory for persistence unit 'default'
2026-06-13 13:39:26 - HikariPool-1 - Shutdown initiated...
2026-06-13 13:39:26 - HikariPool-1 - Shutdown completed.
